<?xml version="1.0" encoding="UTF-8"?>
<!-- Generated by org.testng.reporters.JUnitReportReporter -->
<testsuite skipped="0" hostname="LAPTOP-CJ4CAF75" name="com.ProjectWS.testScripts.PostWS" tests="1" failures="0" timestamp="18 Dec 2018 11:13:32 GMT" time="2.156" errors="0">
  <testcase name="test1" time="2.156" classname="com.ProjectWS.testScripts.PostWS"/>
</testsuite> <!-- com.ProjectWS.testScripts.PostWS -->
